<?xml version="1.0" encoding="UTF-8"?>
<testng-results ignored="0" total="3" passed="2" failed="1" skipped="0">
  <reporter-output>
  </reporter-output>
  <suite started-at="2021-09-04T14:04:22 IST" name="Suite" finished-at="2021-09-04T14:05:53 IST" duration-ms="90757">
    <groups>
    </groups>
    <test started-at="2021-09-04T14:04:22 IST" name="Test" finished-at="2021-09-04T14:05:53 IST" duration-ms="90757">
      <class name="scripts.AddingTocart">
        <test-method is-config="true" signature="openApp()[pri:0, instance:scripts.AddingTocart@152aa092]" started-at="2021-09-04T14:04:56 IST" name="openApp" finished-at="2021-09-04T14:05:03 IST" duration-ms="6971" status="PASS">
          <reporter-output>
          </reporter-output>
        </test-method> <!-- openApp -->
        <test-method signature="tc1()[pri:0, instance:scripts.AddingTocart@152aa092]" started-at="2021-09-04T14:05:03 IST" name="tc1" finished-at="2021-09-04T14:05:15 IST" duration-ms="11586" status="PASS">
          <reporter-output>
          </reporter-output>
        </test-method> <!-- tc1 -->
        <test-method is-config="true" signature="closeApp(org.testng.ITestResult)[pri:0, instance:scripts.AddingTocart@152aa092]" started-at="2021-09-04T14:05:15 IST" name="closeApp" finished-at="2021-09-04T14:05:18 IST" duration-ms="3206" status="PASS">
          <params>
            <param index="0">
              <value>
                <![CDATA[[TestResult name=tc1 status=SUCCESS method=AddingTocart.tc1()[pri:0, instance:scripts.AddingTocart@152aa092] output={null}]]]>
              </value>
            </param>
          </params>
          <reporter-output>
          </reporter-output>
        </test-method> <!-- closeApp -->
      </class> <!-- scripts.AddingTocart -->
      <class name="scripts.ShareTwitter">
        <test-method is-config="true" signature="openApp()[pri:0, instance:scripts.ShareTwitter@44a7bfbc]" started-at="2021-09-04T14:05:18 IST" name="openApp" finished-at="2021-09-04T14:05:24 IST" duration-ms="5852" status="PASS">
          <reporter-output>
          </reporter-output>
        </test-method> <!-- openApp -->
        <test-method signature="tc3()[pri:0, instance:scripts.ShareTwitter@44a7bfbc]" started-at="2021-09-04T14:05:24 IST" name="tc3" finished-at="2021-09-04T14:05:49 IST" duration-ms="25377" status="FAIL">
          <exception class="java.lang.AssertionError">
            <message>
              <![CDATA[expected [Twitter] but found [Learn Core Java for Selenium|Core Java Certification|SkillRary]]]>
            </message>
            <full-stacktrace>
              <![CDATA[java.lang.AssertionError: expected [Twitter] but found [Learn Core Java for Selenium|Core Java Certification|SkillRary]
at org.testng.Assert.fail(Assert.java:97)
at org.testng.Assert.assertEqualsImpl(Assert.java:136)
at org.testng.Assert.assertEquals(Assert.java:118)
at org.testng.Assert.assertEquals(Assert.java:575)
at org.testng.Assert.assertEquals(Assert.java:585)
at scripts.ShareTwitter.tc3(ShareTwitter.java:32)
at java.base/jdk.internal.reflect.NativeMethodAccessorImpl.invoke0(Native Method)
at java.base/jdk.internal.reflect.NativeMethodAccessorImpl.invoke(NativeMethodAccessorImpl.java:62)
at java.base/jdk.internal.reflect.DelegatingMethodAccessorImpl.invoke(DelegatingMethodAccessorImpl.java:43)
at java.base/java.lang.reflect.Method.invoke(Method.java:564)
at org.testng.internal.MethodInvocationHelper.invokeMethod(MethodInvocationHelper.java:133)
at org.testng.internal.TestInvoker.invokeMethod(TestInvoker.java:584)
at org.testng.internal.TestInvoker.invokeTestMethod(TestInvoker.java:172)
at org.testng.internal.MethodRunner.runInSequence(MethodRunner.java:46)
at org.testng.internal.TestInvoker$MethodInvocationAgent.invoke(TestInvoker.java:804)
at org.testng.internal.TestInvoker.invokeTestMethods(TestInvoker.java:145)
at org.testng.internal.TestMethodWorker.invokeTestMethods(TestMethodWorker.java:146)
at org.testng.internal.TestMethodWorker.run(TestMethodWorker.java:128)
at java.base/java.util.ArrayList.forEach(ArrayList.java:1511)
at org.testng.TestRunner.privateRun(TestRunner.java:770)
at org.testng.TestRunner.run(TestRunner.java:591)
at org.testng.SuiteRunner.runTest(SuiteRunner.java:402)
at org.testng.SuiteRunner.runSequentially(SuiteRunner.java:396)
at org.testng.SuiteRunner.privateRun(SuiteRunner.java:355)
at org.testng.SuiteRunner.run(SuiteRunner.java:304)
at org.testng.SuiteRunnerWorker.runSuite(SuiteRunnerWorker.java:53)
at org.testng.SuiteRunnerWorker.run(SuiteRunnerWorker.java:96)
at org.testng.TestNG.runSuitesSequentially(TestNG.java:1180)
at org.testng.TestNG.runSuitesLocally(TestNG.java:1102)
at org.testng.TestNG.runSuites(TestNG.java:1032)
at org.testng.TestNG.run(TestNG.java:1000)
at org.testng.remote.AbstractRemoteTestNG.run(AbstractRemoteTestNG.java:115)
at org.testng.remote.RemoteTestNG.initAndRun(RemoteTestNG.java:251)
at org.testng.remote.RemoteTestNG.main(RemoteTestNG.java:77)
]]>
            </full-stacktrace>
          </exception> <!-- java.lang.AssertionError -->
          <reporter-output>
          </reporter-output>
        </test-method> <!-- tc3 -->
        <test-method is-config="true" signature="closeApp(org.testng.ITestResult)[pri:0, instance:scripts.ShareTwitter@44a7bfbc]" started-at="2021-09-04T14:05:49 IST" name="closeApp" finished-at="2021-09-04T14:05:53 IST" duration-ms="3508" status="PASS">
          <params>
            <param index="0">
              <value>
                <![CDATA[[TestResult name=tc3 status=FAILURE method=ShareTwitter.tc3()[pri:0, instance:scripts.ShareTwitter@44a7bfbc] output={null}]]]>
              </value>
            </param>
          </params>
          <reporter-output>
          </reporter-output>
        </test-method> <!-- closeApp -->
      </class> <!-- scripts.ShareTwitter -->
      <class name="scripts.FacebookLike">
        <test-method is-config="true" signature="openApp()[pri:0, instance:scripts.FacebookLike@524d6d96]" started-at="2021-09-04T14:04:22 IST" name="openApp" finished-at="2021-09-04T14:04:36 IST" duration-ms="14102" status="PASS">
          <reporter-output>
          </reporter-output>
        </test-method> <!-- openApp -->
        <test-method signature="tc2()[pri:0, instance:scripts.FacebookLike@524d6d96]" started-at="2021-09-04T14:04:36 IST" name="tc2" finished-at="2021-09-04T14:04:52 IST" duration-ms="16001" status="PASS">
          <reporter-output>
          </reporter-output>
        </test-method> <!-- tc2 -->
        <test-method is-config="true" signature="closeApp(org.testng.ITestResult)[pri:0, instance:scripts.FacebookLike@524d6d96]" started-at="2021-09-04T14:04:52 IST" name="closeApp" finished-at="2021-09-04T14:04:56 IST" duration-ms="4018" status="PASS">
          <params>
            <param index="0">
              <value>
                <![CDATA[[TestResult name=tc2 status=SUCCESS method=FacebookLike.tc2()[pri:0, instance:scripts.FacebookLike@524d6d96] output={null}]]]>
              </value>
            </param>
          </params>
          <reporter-output>
          </reporter-output>
        </test-method> <!-- closeApp -->
      </class> <!-- scripts.FacebookLike -->
    </test> <!-- Test -->
  </suite> <!-- Suite -->
</testng-results>
